warning: Git tree '/home/sahil/.dotfiles' is dirty
building the system configuration...
warning: Git tree '/home/sahil/.dotfiles' is dirty
these 9 derivations will be built:
  /nix/store/y0n3xy92fvx086cxkbldlisx4svwlw3i-unit-script-nixos-upgrade-start.drv
  /nix/store/1n49dbc5sblvb8wbnss0mx6fini48s55-unit-nixos-upgrade.service.drv
  /nix/store/izwh2lk5psrni1269vhx6j27pyrgpxgl-system-units.drv
  /nix/store/pjy616vdy85p49prn1i6c0ld6mnxgm40-etc-bashrc.drv
  /nix/store/yzfjbfiyamhk1h38bfv4m7jyaaj82gzg-system-units.drv
  /nix/store/pf6rwaacxamzdcmpl3ik1v4xy66a12js-etc.drv
  /nix/store/piis4qiva20kd09sapv7f1g0jzki1vky-etc.drv
  /nix/store/qc7gcixg67azb5sh2qidnawjbj7vby4i-nixos-system-nixos-no-nvidia-24.11.20240703.9f4128e.drv
  /nix/store/v6x18s49gcwpdnbbqbxi1ahqg4f4i0w8-nixos-system-nixos-24.11.20240703.9f4128e.drv
this path will be fetched (0.32 MiB download, 1.99 MiB unpacked):
  /nix/store/g9m1a55x65lz6sqdc4brnls3lk1m1jg0-blesh-0.4.0-devel3
copying path '/nix/store/g9m1a55x65lz6sqdc4brnls3lk1m1jg0-blesh-0.4.0-devel3' from 'https://cache.nixos.org'...
building '/nix/store/y0n3xy92fvx086cxkbldlisx4svwlw3i-unit-script-nixos-upgrade-start.drv'...
building '/nix/store/1n49dbc5sblvb8wbnss0mx6fini48s55-unit-nixos-upgrade.service.drv'...
building '/nix/store/pjy616vdy85p49prn1i6c0ld6mnxgm40-etc-bashrc.drv'...
building '/nix/store/izwh2lk5psrni1269vhx6j27pyrgpxgl-system-units.drv'...
building '/nix/store/yzfjbfiyamhk1h38bfv4m7jyaaj82gzg-system-units.drv'...
building '/nix/store/piis4qiva20kd09sapv7f1g0jzki1vky-etc.drv'...
building '/nix/store/pf6rwaacxamzdcmpl3ik1v4xy66a12js-etc.drv'...
building '/nix/store/qc7gcixg67azb5sh2qidnawjbj7vby4i-nixos-system-nixos-no-nvidia-24.11.20240703.9f4128e.drv'...
building '/nix/store/v6x18s49gcwpdnbbqbxi1ahqg4f4i0w8-nixos-system-nixos-24.11.20240703.9f4128e.drv'...
activating the configuration...
setting up /etc...
reloading user units for sahil...
restarting sysinit-reactivation.target
